# JRE version: Java(TM) SE Runtime Environment (8.0_51-b16) (build 1.8.0_51-b16)
# Java VM: Java HotSpot(TM) 64-Bit Server VM (25.51-b03 mixed mode windows-amd64 compressed oops)
Heap:
 PSYoungGen      total 1855488K, used 696778K [0x0000000740000000, 0x00000007c0000000, 0x00000007c0000000)
  eden space 1618432K, 32% used [0x0000000740000000,0x000000075fcdff40,0x00000007a2c80000)
  from space 237056K, 74% used [0x00000007b1400000,0x00000007bbf928c8,0x00000007bfb80000)
  to   space 237056K, 0% used [0x00000007a2c80000,0x00000007a2c80000,0x00000007b1400000)
 ParOldGen       total 1226240K, used 1060776K [0x0000000640000000, 0x000000068ad80000, 0x0000000740000000)
  object space 1226240K, 86% used [0x0000000640000000,0x0000000680bea2d8,0x000000068ad80000)
 Metaspace       used 182307K, capacity 208652K, committed 208840K, reserved 1220608K
  class space    used 31223K, capacity 38276K, committed 38344K, reserved 1048576K
GC Heap History (10 events):
Event: 101.577 GC heap before
{Heap before GC invocations=86 (full 6):
 PSYoungGen      total 1835008K, used 1761493K [0x0000000740000000, 0x00000007c0000000, 0x00000007c0000000)
  eden space 1594880K, 100% used [0x0000000740000000,0x00000007a1580000,0x00000007a1580000)
  from space 240128K, 69% used [0x00000007a1580000,0x00000007ab835740,0x00000007b0000000)
  to   space 233984K, 0% used [0x00000007b1b80000,0x00000007b1b80000,0x00000007c0000000)
 ParOldGen       total 1226240K, used 903361K [0x0000000640000000, 0x000000068ad80000, 0x0000000740000000)
  object space 1226240K, 73% used [0x0000000640000000,0x00000006772304b0,0x000000068ad80000)
 Metaspace       used 161816K, capacity 183348K, committed 183496K, reserved 1198080K
  class space    used 28253K, capacity 34390K, committed 34504K, reserved 1048576K
Event: 101.634 GC heap after
Heap after GC invocations=86 (full 6):
 PSYoungGen      total 1849856K, used 140110K [0x0000000740000000, 0x00000007bf900000, 0x00000007c0000000)
  eden space 1623040K, 0% used [0x0000000740000000,0x0000000740000000,0x00000007a3100000)
  from space 226816K, 61% used [0x00000007b1b80000,0x00000007ba453810,0x00000007bf900000)
  to   space 233472K, 0% used [0x00000007a3100000,0x00000007a3100000,0x00000007b1500000)
 ParOldGen       total 1226240K, used 929886K [0x0000000640000000, 0x000000068ad80000, 0x0000000740000000)
  object space 1226240K, 75% used [0x0000000640000000,0x0000000678c17bc8,0x000000068ad80000)
 Metaspace       used 161816K, capacity 183348K, committed 183496K, reserved 1198080K
  class space    used 28253K, capacity 34390K, committed 34504K, reserved 1048576K
}
Event: 136.500 GC heap before
{Heap before GC invocations=87 (full 6):
 PSYoungGen      total 1849856K, used 1763150K [0x0000000740000000, 0x00000007bf900000, 0x00000007c0000000)
  eden space 1623040K, 100% used [0x0000000740000000,0x00000007a3100000,0x00000007a3100000)
  from space 226816K, 61% used [0x00000007b1b80000,0x00000007ba453810,0x00000007bf900000)
  to   space 233472K, 0% used [0x00000007a3100000,0x00000007a3100000,0x00000007b1500000)
 ParOldGen       total 1226240K, used 929886K [0x0000000640000000, 0x000000068ad80000, 0x0000000740000000)
  object space 1226240K, 75% used [0x0000000640000000,0x0000000678c17bc8,0x000000068ad80000)
 Metaspace       used 169470K, capacity 191984K, committed 192200K, reserved 1206272K
  class space    used 29312K, capacity 35670K, committed 35784K, reserved 1048576K
Event: 136.572 GC heap after
Heap after GC invocations=87 (full 6):
 PSYoungGen      total 1856512K, used 99264K [0x0000000740000000, 0x00000007c0000000, 0x00000007c0000000)
  eden space 1623040K, 0% used [0x0000000740000000,0x0000000740000000,0x00000007a3100000)
  from space 233472K, 42% used [0x00000007a3100000,0x00000007a91f0018,0x00000007b1500000)
  to   space 238592K, 0% used [0x00000007b1700000,0x00000007b1700000,0x00000007c0000000)
 ParOldGen       total 1226240K, used 1006233K [0x0000000640000000, 0x000000068ad80000, 0x0000000740000000)
  object space 1226240K, 82% used [0x0000000640000000,0x000000067d6a6408,0x000000068ad80000)
 Metaspace       used 169470K, capacity 191984K, committed 192200K, reserved 1206272K
  class space    used 29312K, capacity 35670K, committed 35784K, reserved 1048576K
}
Event: 138.981 GC heap before
{Heap before GC invocations=88 (full 6):
 PSYoungGen      total 1856512K, used 1722304K [0x0000000740000000, 0x00000007c0000000, 0x00000007c0000000)
  eden space 1623040K, 100% used [0x0000000740000000,0x00000007a3100000,0x00000007a3100000)
  from space 233472K, 42% used [0x00000007a3100000,0x00000007a91f0018,0x00000007b1500000)
  to   space 238592K, 0% used [0x00000007b1700000,0x00000007b1700000,0x00000007c0000000)
 ParOldGen       total 1226240K, used 1006233K [0x0000000640000000, 0x000000068ad80000, 0x0000000740000000)
  object space 1226240K, 82% used [0x0000000640000000,0x000000067d6a6408,0x000000068ad80000)
 Metaspace       used 172448K, capacity 195942K, committed 196040K, reserved 1208320K
  class space    used 29763K, capacity 36284K, committed 36296K, reserved 1048576K
Event: 139.059 GC heap after
Heap after GC invocations=88 (full 6):
 PSYoungGen      total 1855488K, used 106103K [0x0000000740000000, 0x00000007c0000000, 0x00000007c0000000)
  eden space 1616896K, 0% used [0x0000000740000000,0x0000000740000000,0x00000007a2b00000)
  from space 238592K, 44% used [0x00000007b1700000,0x00000007b7e9dd98,0x00000007c0000000)
  to   space 240128K, 0% used [0x00000007a2b00000,0x00000007a2b00000,0x00000007b1580000)
 ParOldGen       total 1226240K, used 1057320K [0x0000000640000000, 0x000000068ad80000, 0x0000000740000000)
  object space 1226240K, 86% used [0x0000000640000000,0x000000068088a290,0x000000068ad80000)
 Metaspace       used 172448K, capacity 195942K, committed 196040K, reserved 1208320K
  class space    used 29763K, capacity 36284K, committed 36296K, reserved 1048576K
}
Event: 140.834 GC heap before
{Heap before GC invocations=89 (full 6):
 PSYoungGen      total 1855488K, used 1722999K [0x0000000740000000, 0x00000007c0000000, 0x00000007c0000000)
  eden space 1616896K, 100% used [0x0000000740000000,0x00000007a2b00000,0x00000007a2b00000)
  from space 238592K, 44% used [0x00000007b1700000,0x00000007b7e9dd98,0x00000007c0000000)
  to   space 240128K, 0% used [0x00000007a2b00000,0x00000007a2b00000,0x00000007b1580000)
 ParOldGen       total 1226240K, used 1057320K [0x0000000640000000, 0x000000068ad80000, 0x0000000740000000)
  object space 1226240K, 86% used [0x0000000640000000,0x000000068088a290,0x000000068ad80000)
 Metaspace       used 173619K, capacity 197426K, committed 197576K, reserved 1210368K
  class space    used 29940K, capacity 36510K, committed 36552K, reserved 1048576K
Event: 140.883 GC heap after
Heap after GC invocations=89 (full 6):
 PSYoungGen      total 1743360K, used 126402K [0x0000000740000000, 0x00000007bfb80000, 0x00000007c0000000)
  eden space 1616896K, 0% used [0x0000000740000000,0x0000000740000000,0x00000007a2b00000)
  from space 126464K, 99% used [0x00000007a2b00000,0x00000007aa670890,0x00000007aa680000)
  to   space 237056K, 0% used [0x00000007b1400000,0x00000007b1400000,0x00000007bfb80000)
 ParOldGen       total 1226240K, used 1057376K [0x0000000640000000, 0x000000068ad80000, 0x0000000740000000)
  object space 1226240K, 86% used [0x0000000640000000,0x0000000680898290,0x000000068ad80000)
 Metaspace       used 173619K, capacity 197426K, committed 197576K, reserved 1210368K
  class space    used 29940K, capacity 36510K, committed 36552K, reserved 1048576K
}
Event: 143.952 GC heap before
{Heap before GC invocations=90 (full 6):
 PSYoungGen      total 1743360K, used 1743298K [0x0000000740000000, 0x00000007bfb80000, 0x00000007c0000000)
  eden space 1616896K, 100% used [0x0000000740000000,0x00000007a2b00000,0x00000007a2b00000)
  from space 126464K, 99% used [0x00000007a2b00000,0x00000007aa670890,0x00000007aa680000)
  to   space 237056K, 0% used [0x00000007b1400000,0x00000007b1400000,0x00000007bfb80000)
 ParOldGen       total 1226240K, used 1057376K [0x0000000640000000, 0x000000068ad80000, 0x0000000740000000)
  object space 1226240K, 86% used [0x0000000640000000,0x0000000680898290,0x000000068ad80000)
 Metaspace       used 176846K, capacity 201524K, committed 201800K, reserved 1214464K
  class space    used 30374K, capacity 37160K, committed 37192K, reserved 1048576K
Event: 144.030 GC heap after
Heap after GC invocations=90 (full 6):
 PSYoungGen      total 1855488K, used 175690K [0x0000000740000000, 0x00000007c0000000, 0x00000007c0000000)
  eden space 1618432K, 0% used [0x0000000740000000,0x0000000740000000,0x00000007a2c80000)
  from space 237056K, 74% used [0x00000007b1400000,0x00000007bbf928c8,0x00000007bfb80000)
  to   space 237056K, 0% used [0x00000007a2c80000,0x00000007a2c80000,0x00000007b1400000)
 ParOldGen       total 1226240K, used 1060776K [0x0000000640000000, 0x000000068ad80000, 0x0000000740000000)
  object space 1226240K, 86% used [0x0000000640000000,0x0000000680bea2d8,0x000000068ad80000)
 Metaspace       used 176846K, capacity 201524K, committed 201800K, reserved 1214464K
  class space    used 30374K, capacity 37160K, committed 37192K, reserved 1048576K
}

