# JRE version: Java(TM) SE Runtime Environment (8.0_51-b16) (build 1.8.0_51-b16)
# Java VM: Java HotSpot(TM) 64-Bit Server VM (25.51-b03 mixed mode windows-amd64 compressed oops)
Heap:
 PSYoungGen      total 1189888K, used 852951K [0x000000076ab00000, 0x00000007b4180000, 0x00000007c0000000)
  eden space 1177088K, 71% used [0x000000076ab00000,0x000000079e4d5f08,0x00000007b2880000)
  from space 12800K, 57% used [0x00000007b2880000,0x00000007b2fa0000,0x00000007b3500000)
  to   space 12288K, 0% used [0x00000007b3580000,0x00000007b3580000,0x00000007b4180000)
 ParOldGen       total 1734144K, used 1385079K [0x00000006c0000000, 0x0000000729d80000, 0x000000076ab00000)
  object space 1734144K, 79% used [0x00000006c0000000,0x000000071489dfb0,0x0000000729d80000)
 Metaspace       used 181562K, capacity 209832K, committed 210684K, reserved 1222656K
  class space    used 29519K, capacity 36225K, committed 36604K, reserved 1048576K
GC Heap History (10 events):
Event: 11800.843 GC heap before
{Heap before GC invocations=1522 (full 8):
 PSYoungGen      total 1190400K, used 1181728K [0x000000076ab00000, 0x00000007b4580000, 0x00000007c0000000)
  eden space 1175040K, 100% used [0x000000076ab00000,0x00000007b2680000,0x00000007b2680000)
  from space 15360K, 43% used [0x00000007b3680000,0x00000007b3d08000,0x00000007b4580000)
  to   space 15872K, 0% used [0x00000007b2680000,0x00000007b2680000,0x00000007b3600000)
 ParOldGen       total 1734144K, used 1384520K [0x00000006c0000000, 0x0000000729d80000, 0x000000076ab00000)
  object space 1734144K, 79% used [0x00000006c0000000,0x00000007148121c0,0x0000000729d80000)
 Metaspace       used 181554K, capacity 209762K, committed 210684K, reserved 1222656K
  class space    used 29518K, capacity 36224K, committed 36604K, reserved 1048576K
Event: 11800.851 GC heap after
Heap after GC invocations=1522 (full 8):
 PSYoungGen      total 1190912K, used 6944K [0x000000076ab00000, 0x00000007b4480000, 0x00000007c0000000)
  eden space 1175040K, 0% used [0x000000076ab00000,0x000000076ab00000,0x00000007b2680000)
  from space 15872K, 43% used [0x00000007b2680000,0x00000007b2d48000,0x00000007b3600000)
  to   space 14848K, 0% used [0x00000007b3600000,0x00000007b3600000,0x00000007b4480000)
 ParOldGen       total 1734144K, used 1384687K [0x00000006c0000000, 0x0000000729d80000, 0x000000076ab00000)
  object space 1734144K, 79% used [0x00000006c0000000,0x000000071483bec0,0x0000000729d80000)
 Metaspace       used 181554K, capacity 209762K, committed 210684K, reserved 1222656K
  class space    used 29518K, capacity 36224K, committed 36604K, reserved 1048576K
}
Event: 11816.585 GC heap before
{Heap before GC invocations=1523 (full 8):
 PSYoungGen      total 1190912K, used 1181984K [0x000000076ab00000, 0x00000007b4480000, 0x00000007c0000000)
  eden space 1175040K, 100% used [0x000000076ab00000,0x00000007b2680000,0x00000007b2680000)
  from space 15872K, 43% used [0x00000007b2680000,0x00000007b2d48000,0x00000007b3600000)
  to   space 14848K, 0% used [0x00000007b3600000,0x00000007b3600000,0x00000007b4480000)
 ParOldGen       total 1734144K, used 1384690K [0x00000006c0000000, 0x0000000729d80000, 0x000000076ab00000)
  object space 1734144K, 79% used [0x00000006c0000000,0x000000071483c8b8,0x0000000729d80000)
 Metaspace       used 181554K, capacity 209762K, committed 210684K, reserved 1222656K
  class space    used 29518K, capacity 36224K, committed 36604K, reserved 1048576K
Event: 11816.592 GC heap after
Heap after GC invocations=1523 (full 8):
 PSYoungGen      total 1189888K, used 7072K [0x000000076ab00000, 0x00000007b4380000, 0x00000007c0000000)
  eden space 1176064K, 0% used [0x000000076ab00000,0x000000076ab00000,0x00000007b2780000)
  from space 13824K, 51% used [0x00000007b3600000,0x00000007b3ce8010,0x00000007b4380000)
  to   space 14336K, 0% used [0x00000007b2780000,0x00000007b2780000,0x00000007b3580000)
 ParOldGen       total 1734144K, used 1384738K [0x00000006c0000000, 0x0000000729d80000, 0x000000076ab00000)
  object space 1734144K, 79% used [0x00000006c0000000,0x00000007148488b8,0x0000000729d80000)
 Metaspace       used 181554K, capacity 209762K, committed 210684K, reserved 1222656K
  class space    used 29518K, capacity 36224K, committed 36604K, reserved 1048576K
}
Event: 11832.676 GC heap before
{Heap before GC invocations=1524 (full 8):
 PSYoungGen      total 1189888K, used 1183136K [0x000000076ab00000, 0x00000007b4380000, 0x00000007c0000000)
  eden space 1176064K, 100% used [0x000000076ab00000,0x00000007b2780000,0x00000007b2780000)
  from space 13824K, 51% used [0x00000007b3600000,0x00000007b3ce8010,0x00000007b4380000)
  to   space 14336K, 0% used [0x00000007b2780000,0x00000007b2780000,0x00000007b3580000)
 ParOldGen       total 1734144K, used 1384758K [0x00000006c0000000, 0x0000000729d80000, 0x000000076ab00000)
  object space 1734144K, 79% used [0x00000006c0000000,0x000000071484dad0,0x0000000729d80000)
 Metaspace       used 181554K, capacity 209762K, committed 210684K, reserved 1222656K
  class space    used 29518K, capacity 36224K, committed 36604K, reserved 1048576K
Event: 11832.683 GC heap after
Heap after GC invocations=1524 (full 8):
 PSYoungGen      total 1190400K, used 7104K [0x000000076ab00000, 0x00000007b4380000, 0x00000007c0000000)
  eden space 1176064K, 0% used [0x000000076ab00000,0x000000076ab00000,0x00000007b2780000)
  from space 14336K, 49% used [0x00000007b2780000,0x00000007b2e70000,0x00000007b3580000)
  to   space 13824K, 0% used [0x00000007b3600000,0x00000007b3600000,0x00000007b4380000)
 ParOldGen       total 1734144K, used 1384822K [0x00000006c0000000, 0x0000000729d80000, 0x000000076ab00000)
  object space 1734144K, 79% used [0x00000006c0000000,0x000000071485dad0,0x0000000729d80000)
 Metaspace       used 181554K, capacity 209762K, committed 210684K, reserved 1222656K
  class space    used 29518K, capacity 36224K, committed 36604K, reserved 1048576K
}
Event: 11850.950 GC heap before
{Heap before GC invocations=1525 (full 8):
 PSYoungGen      total 1190400K, used 1183168K [0x000000076ab00000, 0x00000007b4380000, 0x00000007c0000000)
  eden space 1176064K, 100% used [0x000000076ab00000,0x00000007b2780000,0x00000007b2780000)
  from space 14336K, 49% used [0x00000007b2780000,0x00000007b2e70000,0x00000007b3580000)
  to   space 13824K, 0% used [0x00000007b3600000,0x00000007b3600000,0x00000007b4380000)
 ParOldGen       total 1734144K, used 1384836K [0x00000006c0000000, 0x0000000729d80000, 0x000000076ab00000)
  object space 1734144K, 79% used [0x00000006c0000000,0x0000000714861010,0x0000000729d80000)
 Metaspace       used 181554K, capacity 209762K, committed 210684K, reserved 1222656K
  class space    used 29518K, capacity 36224K, committed 36604K, reserved 1048576K
Event: 11850.958 GC heap after
Heap after GC invocations=1525 (full 8):
 PSYoungGen      total 1188864K, used 7168K [0x000000076ab00000, 0x00000007b4180000, 0x00000007c0000000)
  eden space 1177088K, 0% used [0x000000076ab00000,0x000000076ab00000,0x00000007b2880000)
  from space 11776K, 60% used [0x00000007b3600000,0x00000007b3d00000,0x00000007b4180000)
  to   space 12800K, 0% used [0x00000007b2880000,0x00000007b2880000,0x00000007b3500000)
 ParOldGen       total 1734144K, used 1384932K [0x00000006c0000000, 0x0000000729d80000, 0x000000076ab00000)
  object space 1734144K, 79% used [0x00000006c0000000,0x0000000714879010,0x0000000729d80000)
 Metaspace       used 181554K, capacity 209762K, committed 210684K, reserved 1222656K
  class space    used 29518K, capacity 36224K, committed 36604K, reserved 1048576K
}
Event: 11870.011 GC heap before
{Heap before GC invocations=1526 (full 8):
 PSYoungGen      total 1188864K, used 1184256K [0x000000076ab00000, 0x00000007b4180000, 0x00000007c0000000)
  eden space 1177088K, 100% used [0x000000076ab00000,0x00000007b2880000,0x00000007b2880000)
  from space 11776K, 60% used [0x00000007b3600000,0x00000007b3d00000,0x00000007b4180000)
  to   space 12800K, 0% used [0x00000007b2880000,0x00000007b2880000,0x00000007b3500000)
 ParOldGen       total 1734144K, used 1385031K [0x00000006c0000000, 0x0000000729d80000, 0x000000076ab00000)
  object space 1734144K, 79% used [0x00000006c0000000,0x0000000714891fb0,0x0000000729d80000)
 Metaspace       used 181555K, capacity 209762K, committed 210684K, reserved 1222656K
  class space    used 29518K, capacity 36224K, committed 36604K, reserved 1048576K
Event: 11870.019 GC heap after
Heap after GC invocations=1526 (full 8):
 PSYoungGen      total 1189888K, used 7296K [0x000000076ab00000, 0x00000007b4180000, 0x00000007c0000000)
  eden space 1177088K, 0% used [0x000000076ab00000,0x000000076ab00000,0x00000007b2880000)
  from space 12800K, 57% used [0x00000007b2880000,0x00000007b2fa0000,0x00000007b3500000)
  to   space 12288K, 0% used [0x00000007b3580000,0x00000007b3580000,0x00000007b4180000)
 ParOldGen       total 1734144K, used 1385079K [0x00000006c0000000, 0x0000000729d80000, 0x000000076ab00000)
  object space 1734144K, 79% used [0x00000006c0000000,0x000000071489dfb0,0x0000000729d80000)
 Metaspace       used 181555K, capacity 209762K, committed 210684K, reserved 1222656K
  class space    used 29518K, capacity 36224K, committed 36604K, reserved 1048576K
}

