# JRE version: Java(TM) SE Runtime Environment (8.0_51-b16) (build 1.8.0_51-b16)
# Java VM: Java HotSpot(TM) 64-Bit Server VM (25.51-b03 mixed mode windows-amd64 compressed oops)
Heap:
 PSYoungGen      total 1687552K, used 107985K [0x0000000740000000, 0x00000007ba900000, 0x00000007c0000000)
  eden space 1361920K, 6% used [0x0000000740000000,0x0000000745c37538,0x0000000793200000)
  from space 325632K, 4% used [0x0000000793200000,0x0000000793f3d230,0x00000007a7000000)
  to   space 320000K, 0% used [0x00000007a7080000,0x00000007a7080000,0x00000007ba900000)
 ParOldGen       total 1466368K, used 1262530K [0x0000000640000000, 0x0000000699800000, 0x0000000740000000)
  object space 1466368K, 86% used [0x0000000640000000,0x000000068d0f08d8,0x0000000699800000)
 Metaspace       used 189860K, capacity 218058K, committed 218416K, reserved 1228800K
  class space    used 31601K, capacity 38844K, committed 38960K, reserved 1048576K
GC Heap History (10 events):
Event: 332.336 GC heap before
{Heap before GC invocations=121 (full 6):
 PSYoungGen      total 1651712K, used 1366676K [0x0000000740000000, 0x00000007b9980000, 0x00000007c0000000)
  eden space 1347584K, 100% used [0x0000000740000000,0x0000000792400000,0x0000000792400000)
  from space 304128K, 6% used [0x00000007a5980000,0x00000007a6c25168,0x00000007b8280000)
  to   space 316928K, 0% used [0x0000000792400000,0x0000000792400000,0x00000007a5980000)
 ParOldGen       total 1466368K, used 1254933K [0x0000000640000000, 0x0000000699800000, 0x0000000740000000)
  object space 1466368K, 85% used [0x0000000640000000,0x000000068c985420,0x0000000699800000)
 Metaspace       used 189126K, capacity 216952K, committed 217264K, reserved 1228800K
  class space    used 31532K, capacity 38705K, committed 38832K, reserved 1048576K
Event: 332.348 GC heap after
Heap after GC invocations=121 (full 6):
 PSYoungGen      total 1664512K, used 14978K [0x0000000740000000, 0x00000007baa00000, 0x00000007c0000000)
  eden space 1347584K, 0% used [0x0000000740000000,0x0000000740000000,0x0000000792400000)
  from space 316928K, 4% used [0x0000000792400000,0x00000007932a0b28,0x00000007a5980000)
  to   space 325120K, 0% used [0x00000007a6c80000,0x00000007a6c80000,0x00000007baa00000)
 ParOldGen       total 1466368K, used 1259278K [0x0000000640000000, 0x0000000699800000, 0x0000000740000000)
  object space 1466368K, 85% used [0x0000000640000000,0x000000068cdc3a50,0x0000000699800000)
 Metaspace       used 189126K, capacity 216952K, committed 217264K, reserved 1228800K
  class space    used 31532K, capacity 38705K, committed 38832K, reserved 1048576K
}
Event: 348.123 GC heap before
{Heap before GC invocations=122 (full 6):
 PSYoungGen      total 1664512K, used 1362562K [0x0000000740000000, 0x00000007baa00000, 0x00000007c0000000)
  eden space 1347584K, 100% used [0x0000000740000000,0x0000000792400000,0x0000000792400000)
  from space 316928K, 4% used [0x0000000792400000,0x00000007932a0b28,0x00000007a5980000)
  to   space 325120K, 0% used [0x00000007a6c80000,0x00000007a6c80000,0x00000007baa00000)
 ParOldGen       total 1466368K, used 1259278K [0x0000000640000000, 0x0000000699800000, 0x0000000740000000)
  object space 1466368K, 85% used [0x0000000640000000,0x000000068cdc3a50,0x0000000699800000)
 Metaspace       used 189177K, capacity 217050K, committed 217264K, reserved 1228800K
  class space    used 31536K, capacity 38710K, committed 38832K, reserved 1048576K
Event: 348.134 GC heap after
Heap after GC invocations=122 (full 6):
 PSYoungGen      total 1680384K, used 14112K [0x0000000740000000, 0x00000007baf00000, 0x00000007c0000000)
  eden space 1355264K, 0% used [0x0000000740000000,0x0000000740000000,0x0000000792b80000)
  from space 325120K, 4% used [0x00000007a6c80000,0x00000007a7a483c8,0x00000007baa00000)
  to   space 328704K, 0% used [0x0000000792b80000,0x0000000792b80000,0x00000007a6c80000)
 ParOldGen       total 1466368K, used 1260439K [0x0000000640000000, 0x0000000699800000, 0x0000000740000000)
  object space 1466368K, 85% used [0x0000000640000000,0x000000068cee5e40,0x0000000699800000)
 Metaspace       used 189177K, capacity 217050K, committed 217264K, reserved 1228800K
  class space    used 31536K, capacity 38710K, committed 38832K, reserved 1048576K
}
Event: 365.521 GC heap before
{Heap before GC invocations=123 (full 6):
 PSYoungGen      total 1680384K, used 1369376K [0x0000000740000000, 0x00000007baf00000, 0x00000007c0000000)
  eden space 1355264K, 100% used [0x0000000740000000,0x0000000792b80000,0x0000000792b80000)
  from space 325120K, 4% used [0x00000007a6c80000,0x00000007a7a483c8,0x00000007baa00000)
  to   space 328704K, 0% used [0x0000000792b80000,0x0000000792b80000,0x00000007a6c80000)
 ParOldGen       total 1466368K, used 1260439K [0x0000000640000000, 0x0000000699800000, 0x0000000740000000)
  object space 1466368K, 85% used [0x0000000640000000,0x000000068cee5e40,0x0000000699800000)
 Metaspace       used 189315K, capacity 217174K, committed 217520K, reserved 1228800K
  class space    used 31542K, capacity 38718K, committed 38832K, reserved 1048576K
Event: 365.532 GC heap after
Heap after GC invocations=123 (full 6):
 PSYoungGen      total 1683968K, used 13803K [0x0000000740000000, 0x00000007bb500000, 0x00000007c0000000)
  eden space 1355264K, 0% used [0x0000000740000000,0x0000000740000000,0x0000000792b80000)
  from space 328704K, 4% used [0x0000000792b80000,0x00000007938fade0,0x00000007a6c80000)
  to   space 328704K, 0% used [0x00000007a7400000,0x00000007a7400000,0x00000007bb500000)
 ParOldGen       total 1466368K, used 1260800K [0x0000000640000000, 0x0000000699800000, 0x0000000740000000)
  object space 1466368K, 85% used [0x0000000640000000,0x000000068cf40350,0x0000000699800000)
 Metaspace       used 189315K, capacity 217174K, committed 217520K, reserved 1228800K
  class space    used 31542K, capacity 38718K, committed 38832K, reserved 1048576K
}
Event: 377.791 GC heap before
{Heap before GC invocations=124 (full 6):
 PSYoungGen      total 1683968K, used 1369067K [0x0000000740000000, 0x00000007bb500000, 0x00000007c0000000)
  eden space 1355264K, 100% used [0x0000000740000000,0x0000000792b80000,0x0000000792b80000)
  from space 328704K, 4% used [0x0000000792b80000,0x00000007938fade0,0x00000007a6c80000)
  to   space 328704K, 0% used [0x00000007a7400000,0x00000007a7400000,0x00000007bb500000)
 ParOldGen       total 1466368K, used 1260800K [0x0000000640000000, 0x0000000699800000, 0x0000000740000000)
  object space 1466368K, 85% used [0x0000000640000000,0x000000068cf40350,0x0000000699800000)
 Metaspace       used 189676K, capacity 217704K, committed 217776K, reserved 1228800K
  class space    used 31587K, capacity 38797K, committed 38832K, reserved 1048576K
Event: 377.802 GC heap after
Heap after GC invocations=124 (full 6):
 PSYoungGen      total 1683456K, used 13601K [0x0000000740000000, 0x00000007bae00000, 0x00000007c0000000)
  eden space 1361920K, 0% used [0x0000000740000000,0x0000000740000000,0x0000000793200000)
  from space 321536K, 4% used [0x00000007a7400000,0x00000007a8148740,0x00000007bae00000)
  to   space 325632K, 0% used [0x0000000793200000,0x0000000793200000,0x00000007a7000000)
 ParOldGen       total 1466368K, used 1261659K [0x0000000640000000, 0x0000000699800000, 0x0000000740000000)
  object space 1466368K, 86% used [0x0000000640000000,0x000000068d016f58,0x0000000699800000)
 Metaspace       used 189676K, capacity 217704K, committed 217776K, reserved 1228800K
  class space    used 31587K, capacity 38797K, committed 38832K, reserved 1048576K
}
Event: 386.926 GC heap before
{Heap before GC invocations=125 (full 6):
 PSYoungGen      total 1683456K, used 1375521K [0x0000000740000000, 0x00000007bae00000, 0x00000007c0000000)
  eden space 1361920K, 100% used [0x0000000740000000,0x0000000793200000,0x0000000793200000)
  from space 321536K, 4% used [0x00000007a7400000,0x00000007a8148740,0x00000007bae00000)
  to   space 325632K, 0% used [0x0000000793200000,0x0000000793200000,0x00000007a7000000)
 ParOldGen       total 1466368K, used 1261659K [0x0000000640000000, 0x0000000699800000, 0x0000000740000000)
  object space 1466368K, 86% used [0x0000000640000000,0x000000068d016f58,0x0000000699800000)
 Metaspace       used 189854K, capacity 218054K, committed 218416K, reserved 1228800K
  class space    used 31601K, capacity 38844K, committed 38960K, reserved 1048576K
Event: 386.937 GC heap after
Heap after GC invocations=125 (full 6):
 PSYoungGen      total 1687552K, used 13556K [0x0000000740000000, 0x00000007ba900000, 0x00000007c0000000)
  eden space 1361920K, 0% used [0x0000000740000000,0x0000000740000000,0x0000000793200000)
  from space 325632K, 4% used [0x0000000793200000,0x0000000793f3d230,0x00000007a7000000)
  to   space 320000K, 0% used [0x00000007a7080000,0x00000007a7080000,0x00000007ba900000)
 ParOldGen       total 1466368K, used 1262530K [0x0000000640000000, 0x0000000699800000, 0x0000000740000000)
  object space 1466368K, 86% used [0x0000000640000000,0x000000068d0f08d8,0x0000000699800000)
 Metaspace       used 189854K, capacity 218054K, committed 218416K, reserved 1228800K
  class space    used 31601K, capacity 38844K, committed 38960K, reserved 1048576K
}

